<?xml version="1.0" encoding="UTF-8"?>
<testsuite name="jp.ac.uryukyu.ie.e215402.EnemyTest" tests="2" skipped="0" failures="0" errors="0" timestamp="2022-11-28T13:34:21" hostname="e215402binoMacBook-Pro.local" time="0.005">
  <properties/>
  <testcase name="attackTest()" classname="jp.ac.uryukyu.ie.e215402.EnemyTest" time="0.004"/>
  <testcase name="appHasAGreeting()" classname="jp.ac.uryukyu.ie.e215402.EnemyTest" time="0.0"/>
  <system-out><![CDATA[デモ勇者のHPは100。攻撃力は100です。
スライムもどきのHPは10。攻撃力は100です。
デモ勇者の攻撃！スライムもどきに37のダメージを与えた！！
モンスタースライムもどきは倒れた。
デモ勇者の攻撃！スライムもどきに73のダメージを与えた！！
モンスタースライムもどきは倒れた。
デモ勇者の攻撃！スライムもどきに11のダメージを与えた！！
モンスタースライムもどきは倒れた。
デモ勇者の攻撃！スライムもどきに99のダメージを与えた！！
モンスタースライムもどきは倒れた。
デモ勇者の攻撃！スライムもどきに68のダメージを与えた！！
モンスタースライムもどきは倒れた。
デモ勇者の攻撃！スライムもどきに25のダメージを与えた！！
モンスタースライムもどきは倒れた。
デモ勇者の攻撃！スライムもどきに91のダメージを与えた！！
モンスタースライムもどきは倒れた。
デモ勇者の攻撃！スライムもどきに18のダメージを与えた！！
モンスタースライムもどきは倒れた。
デモ勇者の攻撃！スライムもどきに56のダメージを与えた！！
モンスタースライムもどきは倒れた。
デモ勇者の攻撃！スライムもどきに97のダメージを与えた！！
モンスタースライムもどきは倒れた。
]]></system-out>
  <system-err><![CDATA[]]></system-err>
</testsuite>
