<?xml version="1.0" encoding="UTF-8"?>
<testsuite name="jp.ac.uryukyu.ie.e215402.AppTest" tests="1" skipped="0" failures="0" errors="0" timestamp="2022-11-28T07:09:05" hostname="e215402binoMacBook-Pro.local" time="0.007">
  <properties/>
  <testcase name="appHasAGreeting()" classname="jp.ac.uryukyu.ie.e215402.AppTest" time="0.007"/>
  <system-out><![CDATA[]]></system-out>
  <system-err><![CDATA[]]></system-err>
</testsuite>
