<?xml version="1.0" encoding="UTF-8"?>
<testsuite name="jp.ac.uryukyu.ie.e215402.EnemyTest" tests="2" skipped="0" failures="0" errors="0" timestamp="2022-11-28T07:09:05" hostname="e215402binoMacBook-Pro.local" time="0.005">
  <properties/>
  <testcase name="attackTest()" classname="jp.ac.uryukyu.ie.e215402.EnemyTest" time="0.004"/>
  <testcase name="appHasAGreeting()" classname="jp.ac.uryukyu.ie.e215402.EnemyTest" time="0.0"/>
  <system-out><![CDATA[デモ勇者のHPは100。攻撃力は100です。
スライムもどきのHPは10。攻撃力は100です。
デモ勇者の攻撃！スライムもどきに82のダメージを与えた！！
モンスタースライムもどきは倒れた。
デモ勇者の攻撃！スライムもどきに79のダメージを与えた！！
モンスタースライムもどきは倒れた。
デモ勇者の攻撃！スライムもどきに88のダメージを与えた！！
モンスタースライムもどきは倒れた。
デモ勇者の攻撃！スライムもどきに19のダメージを与えた！！
モンスタースライムもどきは倒れた。
デモ勇者の攻撃！スライムもどきに43のダメージを与えた！！
モンスタースライムもどきは倒れた。
デモ勇者の攻撃！スライムもどきに3のダメージを与えた！！
モンスタースライムもどきは倒れた。
デモ勇者の攻撃！スライムもどきに4のダメージを与えた！！
モンスタースライムもどきは倒れた。
デモ勇者の攻撃！スライムもどきに28のダメージを与えた！！
モンスタースライムもどきは倒れた。
デモ勇者の攻撃！スライムもどきに16のダメージを与えた！！
モンスタースライムもどきは倒れた。
デモ勇者の攻撃！スライムもどきに50のダメージを与えた！！
モンスタースライムもどきは倒れた。
]]></system-out>
  <system-err><![CDATA[]]></system-err>
</testsuite>
